01:37:05.445 [background-preinit] INFO  o.h.validator.internal.util.Version - HV000001: Hibernate Validator 8.0.1.Final
01:37:05.508 [main] INFO  c.p.PenjualanRumahApplication - Starting PenjualanRumahApplication using Java 23.0.2 with PID 42544 (D:\Yoka\Coba-coba\PBO-PENJUALAN-OEMAH\target\classes started by LENOVO in D:\Yoka\Coba-coba\PBO-PENJUALAN-OEMAH)
01:37:05.508 [main] DEBUG c.p.PenjualanRumahApplication - Running with Spring Boot v3.2.3, Spring v6.1.4
01:37:05.508 [main] INFO  c.p.PenjualanRumahApplication - No active profile set, falling back to 1 default profile: "default"
01:37:06.242 [main] INFO  o.s.d.r.c.RepositoryConfigurationDelegate - Bootstrapping Spring Data JPA repositories in DEFAULT mode.
01:37:06.318 [main] INFO  o.s.d.r.c.RepositoryConfigurationDelegate - Finished Spring Data repository scanning in 57 ms. Found 5 JPA repository interfaces.
01:37:06.811 [main] INFO  o.s.b.w.e.tomcat.TomcatWebServer - Tomcat initialized with port 8080 (http)
01:37:06.828 [main] INFO  o.a.coyote.http11.Http11NioProtocol - Initializing ProtocolHandler ["http-nio-0.0.0.0-8080"]
01:37:06.828 [main] INFO  o.a.catalina.core.StandardService - Starting service [Tomcat]
01:37:06.828 [main] INFO  o.a.catalina.core.StandardEngine - Starting Servlet engine: [Apache Tomcat/10.1.19]
01:37:06.919 [main] INFO  o.a.c.c.C.[Tomcat].[localhost].[/] - Initializing Spring embedded WebApplicationContext
01:37:06.919 [main] INFO  o.s.b.w.s.c.ServletWebServerApplicationContext - Root WebApplicationContext: initialization completed in 1356 ms
01:37:07.033 [main] DEBUG com.zaxxer.hikari.HikariConfig - Driver class org.postgresql.Driver found in Thread context class loader jdk.internal.loader.ClassLoaders$AppClassLoader@33909752
01:37:07.102 [main] INFO  o.h.jpa.internal.util.LogHelper - HHH000204: Processing PersistenceUnitInfo [name: default]
01:37:07.159 [main] INFO  org.hibernate.Version - HHH000412: Hibernate ORM core version 6.4.4.Final
01:37:07.193 [main] INFO  o.h.c.i.RegionFactoryInitiator - HHH000026: Second-level cache disabled
01:37:07.390 [main] INFO  o.s.o.j.p.SpringPersistenceUnitInfo - No LoadTimeWeaver setup: ignoring JPA class transformer
01:37:07.420 [main] DEBUG com.zaxxer.hikari.HikariConfig - HikariPool-1 - configuration:
01:37:07.426 [main] DEBUG com.zaxxer.hikari.HikariConfig - allowPoolSuspension.............false
01:37:07.426 [main] DEBUG com.zaxxer.hikari.HikariConfig - autoCommit......................true
01:37:07.426 [main] DEBUG com.zaxxer.hikari.HikariConfig - catalog.........................none
01:37:07.426 [main] DEBUG com.zaxxer.hikari.HikariConfig - connectionInitSql...............none
01:37:07.426 [main] DEBUG com.zaxxer.hikari.HikariConfig - connectionTestQuery.............none
01:37:07.426 [main] DEBUG com.zaxxer.hikari.HikariConfig - connectionTimeout...............30000
01:37:07.426 [main] DEBUG com.zaxxer.hikari.HikariConfig - dataSource......................none
01:37:07.426 [main] DEBUG com.zaxxer.hikari.HikariConfig - dataSourceClassName.............none
01:37:07.426 [main] DEBUG com.zaxxer.hikari.HikariConfig - dataSourceJNDI..................none
01:37:07.426 [main] DEBUG com.zaxxer.hikari.HikariConfig - dataSourceProperties............{password=<masked>}
01:37:07.426 [main] DEBUG com.zaxxer.hikari.HikariConfig - driverClassName................."org.postgresql.Driver"
01:37:07.426 [main] DEBUG com.zaxxer.hikari.HikariConfig - exceptionOverrideClassName......none
01:37:07.426 [main] DEBUG com.zaxxer.hikari.HikariConfig - healthCheckProperties...........{}
01:37:07.426 [main] DEBUG com.zaxxer.hikari.HikariConfig - healthCheckRegistry.............none
01:37:07.433 [main] DEBUG com.zaxxer.hikari.HikariConfig - idleTimeout.....................600000
01:37:07.433 [main] DEBUG com.zaxxer.hikari.HikariConfig - initializationFailTimeout.......1
01:37:07.433 [main] DEBUG com.zaxxer.hikari.HikariConfig - isolateInternalQueries..........false
01:37:07.434 [main] DEBUG com.zaxxer.hikari.HikariConfig - jdbcUrl.........................jdbc:postgresql://ep-winter-meadow-a1wq48oq-pooler.ap-southeast-1.aws.neon.tech:5432/Penjualan%20Rumah?sslmode=require&connectTimeout=30
01:37:07.435 [main] DEBUG com.zaxxer.hikari.HikariConfig - keepaliveTime...................0
01:37:07.435 [main] DEBUG com.zaxxer.hikari.HikariConfig - leakDetectionThreshold..........0
01:37:07.435 [main] DEBUG com.zaxxer.hikari.HikariConfig - maxLifetime.....................1800000
01:37:07.437 [main] DEBUG com.zaxxer.hikari.HikariConfig - maximumPoolSize.................10
01:37:07.437 [main] DEBUG com.zaxxer.hikari.HikariConfig - metricRegistry..................none
01:37:07.437 [main] DEBUG com.zaxxer.hikari.HikariConfig - metricsTrackerFactory...........none
01:37:07.438 [main] DEBUG com.zaxxer.hikari.HikariConfig - minimumIdle.....................10
01:37:07.438 [main] DEBUG com.zaxxer.hikari.HikariConfig - password........................<masked>
01:37:07.439 [main] DEBUG com.zaxxer.hikari.HikariConfig - poolName........................"HikariPool-1"
01:37:07.439 [main] DEBUG com.zaxxer.hikari.HikariConfig - readOnly........................false
01:37:07.440 [main] DEBUG com.zaxxer.hikari.HikariConfig - registerMbeans..................false
01:37:07.440 [main] DEBUG com.zaxxer.hikari.HikariConfig - scheduledExecutor...............none
01:37:07.440 [main] DEBUG com.zaxxer.hikari.HikariConfig - schema..........................none
01:37:07.440 [main] DEBUG com.zaxxer.hikari.HikariConfig - threadFactory...................internal
01:37:07.440 [main] DEBUG com.zaxxer.hikari.HikariConfig - transactionIsolation............default
01:37:07.440 [main] DEBUG com.zaxxer.hikari.HikariConfig - username........................"neondb_owner"
01:37:07.440 [main] DEBUG com.zaxxer.hikari.HikariConfig - validationTimeout...............5000
01:37:07.440 [main] INFO  com.zaxxer.hikari.HikariDataSource - HikariPool-1 - Starting...
01:37:08.126 [main] INFO  com.zaxxer.hikari.pool.HikariPool - HikariPool-1 - Added connection org.postgresql.jdbc.PgConnection@779228dc
01:37:08.126 [main] INFO  com.zaxxer.hikari.HikariDataSource - HikariPool-1 - Start completed.
01:37:08.209 [main] WARN  org.hibernate.orm.deprecation - HHH90000025: PostgreSQLDialect does not need to be specified explicitly using 'hibernate.dialect' (remove the property setting and it will be selected by default)
01:37:08.243 [HikariPool-1 housekeeper] DEBUG com.zaxxer.hikari.pool.HikariPool - HikariPool-1 - Pool stats (total=1, active=1, idle=0, waiting=0)
01:37:08.492 [HikariPool-1 connection adder] DEBUG com.zaxxer.hikari.pool.HikariPool - HikariPool-1 - Added connection org.postgresql.jdbc.PgConnection@18dd226f
01:37:08.744 [HikariPool-1 connection adder] DEBUG com.zaxxer.hikari.pool.HikariPool - HikariPool-1 - Added connection org.postgresql.jdbc.PgConnection@161adf04
01:37:09.069 [HikariPool-1 connection adder] DEBUG com.zaxxer.hikari.pool.HikariPool - HikariPool-1 - Added connection org.postgresql.jdbc.PgConnection@1225491f
01:37:09.176 [main] INFO  o.h.e.t.j.p.i.JtaPlatformInitiator - HHH000489: No JTA platform available (set 'hibernate.transaction.jta.platform' to enable JTA platform integration)
01:37:09.351 [main] DEBUG org.hibernate.SQL - 
    alter table if exists orders 
       alter column down_payment set data type numeric(38,2)
01:37:09.373 [HikariPool-1 connection adder] DEBUG com.zaxxer.hikari.pool.HikariPool - HikariPool-1 - Added connection org.postgresql.jdbc.PgConnection@5727d53f
01:37:09.384 [main] WARN  o.h.t.s.i.ExceptionHandlerLoggedImpl - GenerationTarget encountered exception accepting command : Error executing DDL "
    alter table if exists orders 
       alter column down_payment set data type numeric(38,2)" via JDBC [ERROR: column "down_payment" cannot be cast automatically to type numeric
  Hint: You might need to specify "USING down_payment::numeric(38,2)".]
org.hibernate.tool.schema.spi.CommandAcceptanceException: Error executing DDL "
    alter table if exists orders 
       alter column down_payment set data type numeric(38,2)" via JDBC [ERROR: column "down_payment" cannot be cast automatically to type numeric
  Hint: You might need to specify "USING down_payment::numeric(38,2)".]
	at org.hibernate.tool.schema.internal.exec.GenerationTargetToDatabase.accept(GenerationTargetToDatabase.java:94)
	at org.hibernate.tool.schema.internal.AbstractSchemaMigrator.applySqlString(AbstractSchemaMigrator.java:574)
	at org.hibernate.tool.schema.internal.AbstractSchemaMigrator.applySqlStrings(AbstractSchemaMigrator.java:514)
	at org.hibernate.tool.schema.internal.AbstractSchemaMigrator.migrateTable(AbstractSchemaMigrator.java:333)
	at org.hibernate.tool.schema.internal.GroupedSchemaMigratorImpl.performTablesMigration(GroupedSchemaMigratorImpl.java:84)
	at org.hibernate.tool.schema.internal.AbstractSchemaMigrator.performMigration(AbstractSchemaMigrator.java:232)
	at org.hibernate.tool.schema.internal.AbstractSchemaMigrator.doMigration(AbstractSchemaMigrator.java:117)
	at org.hibernate.tool.schema.spi.SchemaManagementToolCoordinator.performDatabaseAction(SchemaManagementToolCoordinator.java:286)
	at org.hibernate.tool.schema.spi.SchemaManagementToolCoordinator.lambda$process$5(SchemaManagementToolCoordinator.java:145)
	at java.base/java.util.HashMap.forEach(HashMap.java:1430)
	at org.hibernate.tool.schema.spi.SchemaManagementToolCoordinator.process(SchemaManagementToolCoordinator.java:142)
	at org.hibernate.boot.internal.SessionFactoryObserverForSchemaExport.sessionFactoryCreated(SessionFactoryObserverForSchemaExport.java:37)
	at org.hibernate.internal.SessionFactoryObserverChain.sessionFactoryCreated(SessionFactoryObserverChain.java:35)
	at org.hibernate.internal.SessionFactoryImpl.<init>(SessionFactoryImpl.java:315)
	at org.hibernate.boot.internal.SessionFactoryBuilderImpl.build(SessionFactoryBuilderImpl.java:450)
	at org.hibernate.jpa.boot.internal.EntityManagerFactoryBuilderImpl.build(EntityManagerFactoryBuilderImpl.java:1507)
	at org.springframework.orm.jpa.vendor.SpringHibernateJpaPersistenceProvider.createContainerEntityManagerFactory(SpringHibernateJpaPersistenceProvider.java:75)
	at org.springframework.orm.jpa.LocalContainerEntityManagerFactoryBean.createNativeEntityManagerFactory(LocalContainerEntityManagerFactoryBean.java:388)
	at org.springframework.orm.jpa.AbstractEntityManagerFactoryBean.buildNativeEntityManagerFactory(AbstractEntityManagerFactoryBean.java:409)
	at org.springframework.orm.jpa.AbstractEntityManagerFactoryBean.afterPropertiesSet(AbstractEntityManagerFactoryBean.java:396)
	at org.springframework.orm.jpa.LocalContainerEntityManagerFactoryBean.afterPropertiesSet(LocalContainerEntityManagerFactoryBean.java:364)
	at org.springframework.beans.factory.support.AbstractAutowireCapableBeanFactory.invokeInitMethods(AbstractAutowireCapableBeanFactory.java:1833)
	at org.springframework.beans.factory.support.AbstractAutowireCapableBeanFactory.initializeBean(AbstractAutowireCapableBeanFactory.java:1782)
	at org.springframework.beans.factory.support.AbstractAutowireCapableBeanFactory.doCreateBean(AbstractAutowireCapableBeanFactory.java:600)
	at org.springframework.beans.factory.support.AbstractAutowireCapableBeanFactory.createBean(AbstractAutowireCapableBeanFactory.java:522)
	at org.springframework.beans.factory.support.AbstractBeanFactory.lambda$doGetBean$0(AbstractBeanFactory.java:325)
	at org.springframework.beans.factory.support.DefaultSingletonBeanRegistry.getSingleton(DefaultSingletonBeanRegistry.java:234)
	at org.springframework.beans.factory.support.AbstractBeanFactory.doGetBean(AbstractBeanFactory.java:323)
	at org.springframework.beans.factory.support.AbstractBeanFactory.getBean(AbstractBeanFactory.java:199)
	at org.springframework.context.support.AbstractApplicationContext.getBean(AbstractApplicationContext.java:1231)
	at org.springframework.context.support.AbstractApplicationContext.finishBeanFactoryInitialization(AbstractApplicationContext.java:949)
	at org.springframework.context.support.AbstractApplicationContext.refresh(AbstractApplicationContext.java:624)
	at org.springframework.boot.web.servlet.context.ServletWebServerApplicationContext.refresh(ServletWebServerApplicationContext.java:146)
	at org.springframework.boot.SpringApplication.refresh(SpringApplication.java:754)
	at org.springframework.boot.SpringApplication.refreshContext(SpringApplication.java:456)
	at org.springframework.boot.SpringApplication.run(SpringApplication.java:334)
	at org.springframework.boot.SpringApplication.run(SpringApplication.java:1354)
	at org.springframework.boot.SpringApplication.run(SpringApplication.java:1343)
	at com.penjualanrumah.PenjualanRumahApplication.main(PenjualanRumahApplication.java:9)
Caused by: org.postgresql.util.PSQLException: ERROR: column "down_payment" cannot be cast automatically to type numeric
  Hint: You might need to specify "USING down_payment::numeric(38,2)".
	at org.postgresql.core.v3.QueryExecutorImpl.receiveErrorResponse(QueryExecutorImpl.java:2713)
	at org.postgresql.core.v3.QueryExecutorImpl.processResults(QueryExecutorImpl.java:2401)
	at org.postgresql.core.v3.QueryExecutorImpl.execute(QueryExecutorImpl.java:368)
	at org.postgresql.jdbc.PgStatement.executeInternal(PgStatement.java:498)
	at org.postgresql.jdbc.PgStatement.execute(PgStatement.java:415)
	at org.postgresql.jdbc.PgStatement.executeWithFlags(PgStatement.java:335)
	at org.postgresql.jdbc.PgStatement.executeCachedSql(PgStatement.java:321)
	at org.postgresql.jdbc.PgStatement.executeWithFlags(PgStatement.java:297)
	at org.postgresql.jdbc.PgStatement.execute(PgStatement.java:292)
	at com.zaxxer.hikari.pool.ProxyStatement.execute(ProxyStatement.java:94)
	at com.zaxxer.hikari.pool.HikariProxyStatement.execute(HikariProxyStatement.java)
	at org.hibernate.tool.schema.internal.exec.GenerationTargetToDatabase.accept(GenerationTargetToDatabase.java:80)
	... 38 common frames omitted
01:37:09.653 [HikariPool-1 connection adder] DEBUG com.zaxxer.hikari.pool.HikariPool - HikariPool-1 - Added connection org.postgresql.jdbc.PgConnection@5e6f92af
01:37:09.909 [main] INFO  o.s.o.j.LocalContainerEntityManagerFactoryBean - Initialized JPA EntityManagerFactory for persistence unit 'default'
01:37:09.974 [HikariPool-1 connection adder] DEBUG com.zaxxer.hikari.pool.HikariPool - HikariPool-1 - Added connection org.postgresql.jdbc.PgConnection@37082a70
01:37:10.271 [HikariPool-1 connection adder] DEBUG com.zaxxer.hikari.pool.HikariPool - HikariPool-1 - Added connection org.postgresql.jdbc.PgConnection@532bc054
01:37:10.383 [main] WARN  o.s.b.a.o.j.JpaBaseConfiguration$JpaWebConfiguration - spring.jpa.open-in-view is enabled by default. Therefore, database queries may be performed during view rendering. Explicitly configure spring.jpa.open-in-view to disable this warning
01:37:10.556 [main] DEBUG o.s.w.s.m.m.a.RequestMappingHandlerMapping - 18 mappings in 'requestMappingHandlerMapping'
01:37:10.564 [HikariPool-1 connection adder] DEBUG com.zaxxer.hikari.pool.HikariPool - HikariPool-1 - Added connection org.postgresql.jdbc.PgConnection@67338415
01:37:10.633 [main] DEBUG o.s.w.s.h.SimpleUrlHandlerMapping - Patterns [/webjars/**, /**] in 'resourceHandlerMapping'
01:37:10.687 [main] INFO  o.s.s.web.DefaultSecurityFilterChain - Will secure any request with [org.springframework.security.web.session.DisableEncodeUrlFilter@39c93af6, org.springframework.security.web.context.request.async.WebAsyncManagerIntegrationFilter@3903cfc9, org.springframework.security.web.context.SecurityContextHolderFilter@2bb118ae, org.springframework.security.web.header.HeaderWriterFilter@1e9d6c78, org.springframework.web.filter.CorsFilter@7b1b1784, org.springframework.security.web.csrf.CsrfFilter@62966c9f, org.springframework.security.web.authentication.logout.LogoutFilter@a3e458, org.springframework.security.web.authentication.UsernamePasswordAuthenticationFilter@6c75c5e8, org.springframework.security.web.savedrequest.RequestCacheAwareFilter@5afaae7e, org.springframework.security.web.servletapi.SecurityContextHolderAwareRequestFilter@7364073b, org.springframework.security.web.authentication.AnonymousAuthenticationFilter@288e50c1, org.springframework.security.web.access.ExceptionTranslationFilter@4917992b, org.springframework.security.web.access.intercept.AuthorizationFilter@5e8bc83e]
01:37:10.772 [main] DEBUG o.s.w.s.m.m.a.RequestMappingHandlerAdapter - ControllerAdvice beans: 0 @ModelAttribute, 0 @InitBinder, 1 RequestBodyAdvice, 1 ResponseBodyAdvice
01:37:10.809 [main] DEBUG o.s.w.s.m.m.a.ExceptionHandlerExceptionResolver - ControllerAdvice beans: 0 @ExceptionHandler, 1 ResponseBodyAdvice
01:37:10.839 [HikariPool-1 connection adder] DEBUG com.zaxxer.hikari.pool.HikariPool - HikariPool-1 - Added connection org.postgresql.jdbc.PgConnection@456b98b6
01:37:10.851 [HikariPool-1 connection adder] DEBUG com.zaxxer.hikari.pool.HikariPool - HikariPool-1 - After adding stats (total=10, active=0, idle=10, waiting=0)
01:37:10.973 [main] INFO  o.a.coyote.http11.Http11NioProtocol - Starting ProtocolHandler ["http-nio-0.0.0.0-8080"]
01:37:10.990 [main] INFO  o.s.b.w.e.tomcat.TomcatWebServer - Tomcat started on port 8080 (http) with context path ''
01:37:10.996 [main] INFO  c.p.PenjualanRumahApplication - Started PenjualanRumahApplication in 6.034 seconds (process running for 6.401)
01:37:22.818 [http-nio-0.0.0.0-8080-exec-1] INFO  o.a.c.c.C.[Tomcat].[localhost].[/] - Initializing Spring DispatcherServlet 'dispatcherServlet'
01:37:22.818 [http-nio-0.0.0.0-8080-exec-1] INFO  o.s.web.servlet.DispatcherServlet - Initializing Servlet 'dispatcherServlet'
01:37:22.818 [http-nio-0.0.0.0-8080-exec-1] DEBUG o.s.web.servlet.DispatcherServlet - Detected StandardServletMultipartResolver
01:37:22.818 [http-nio-0.0.0.0-8080-exec-1] DEBUG o.s.web.servlet.DispatcherServlet - Detected AcceptHeaderLocaleResolver
01:37:22.818 [http-nio-0.0.0.0-8080-exec-1] DEBUG o.s.web.servlet.DispatcherServlet - Detected FixedThemeResolver
01:37:22.818 [http-nio-0.0.0.0-8080-exec-1] DEBUG o.s.web.servlet.DispatcherServlet - Detected org.springframework.web.servlet.view.DefaultRequestToViewNameTranslator@76cad511
01:37:22.818 [http-nio-0.0.0.0-8080-exec-1] DEBUG o.s.web.servlet.DispatcherServlet - Detected org.springframework.web.servlet.support.SessionFlashMapManager@7afac89a
01:37:22.818 [http-nio-0.0.0.0-8080-exec-1] DEBUG o.s.web.servlet.DispatcherServlet - enableLoggingRequestDetails='false': request parameters and headers will be masked to prevent unsafe logging of potentially sensitive data
01:37:22.818 [http-nio-0.0.0.0-8080-exec-1] INFO  o.s.web.servlet.DispatcherServlet - Completed initialization in 0 ms
01:37:22.840 [http-nio-0.0.0.0-8080-exec-1] DEBUG o.s.security.web.FilterChainProxy - Securing GET /
01:37:22.848 [http-nio-0.0.0.0-8080-exec-1] DEBUG o.s.s.w.a.AnonymousAuthenticationFilter - Set SecurityContextHolder to anonymous SecurityContext
01:37:22.865 [http-nio-0.0.0.0-8080-exec-1] DEBUG o.s.s.w.s.HttpSessionRequestCache - Saved request http://localhost:8080/?continue to session
01:37:22.865 [http-nio-0.0.0.0-8080-exec-1] DEBUG o.s.s.web.DefaultRedirectStrategy - Redirecting to http://localhost:8080/login
01:37:22.881 [http-nio-0.0.0.0-8080-exec-2] DEBUG o.s.security.web.FilterChainProxy - Securing GET /login
01:37:22.884 [http-nio-0.0.0.0-8080-exec-2] DEBUG o.s.security.web.FilterChainProxy - Secured GET /login
01:37:22.884 [http-nio-0.0.0.0-8080-exec-2] DEBUG o.s.web.servlet.DispatcherServlet - GET "/login", parameters={}
01:37:22.884 [http-nio-0.0.0.0-8080-exec-2] DEBUG o.s.w.s.m.m.a.RequestMappingHandlerMapping - Mapped to com.penjualanrumah.controller.AuthController#loginPage(String, String, Model)
01:37:22.914 [http-nio-0.0.0.0-8080-exec-2] DEBUG o.s.w.s.v.ContentNegotiatingViewResolver - Selected 'text/html' given [text/html, application/xhtml+xml, image/avif, image/webp, image/apng, application/xml;q=0.9, */*;q=0.8, application/signed-exchange;v=b3;q=0.7]
01:37:23.150 [http-nio-0.0.0.0-8080-exec-2] DEBUG o.s.web.servlet.DispatcherServlet - Completed 200 OK
01:37:23.150 [http-nio-0.0.0.0-8080-exec-2] DEBUG o.s.s.w.a.AnonymousAuthenticationFilter - Set SecurityContextHolder to anonymous SecurityContext
01:37:28.550 [http-nio-0.0.0.0-8080-exec-3] DEBUG o.s.security.web.FilterChainProxy - Securing POST /login
01:37:28.790 [http-nio-0.0.0.0-8080-exec-3] DEBUG org.hibernate.SQL - 
    select
        u1_0.id,
        u1_0.address,
        u1_0.email,
        u1_0.full_name,
        u1_0.password,
        u1_0.phone,
        u1_0.role,
        u1_0.username 
    from
        users u1_0 
    where
        u1_0.username=?
01:37:28.981 [http-nio-0.0.0.0-8080-exec-3] DEBUG o.s.s.a.d.DaoAuthenticationProvider - Authenticated user
01:37:28.981 [http-nio-0.0.0.0-8080-exec-3] DEBUG o.s.s.w.a.s.ChangeSessionIdAuthenticationStrategy - Changed session id from E8D540471A93FC0B6139312DE88384C6
01:37:28.989 [http-nio-0.0.0.0-8080-exec-3] DEBUG o.s.s.w.c.CsrfAuthenticationStrategy - Replaced CSRF Token
01:37:28.989 [http-nio-0.0.0.0-8080-exec-3] DEBUG o.s.s.w.c.HttpSessionSecurityContextRepository - Stored SecurityContextImpl [Authentication=UsernamePasswordAuthenticationToken [Principal=org.springframework.security.core.userdetails.User [Username=pembeli1, Password=[PROTECTED], Enabled=true, AccountNonExpired=true, CredentialsNonExpired=true, AccountNonLocked=true, Granted Authorities=[ROLE_BUYER]], Credentials=[PROTECTED], Authenticated=true, Details=WebAuthenticationDetails [RemoteIpAddress=0:0:0:0:0:0:0:1, SessionId=E8D540471A93FC0B6139312DE88384C6], Granted Authorities=[ROLE_BUYER]]] to HttpSession [org.apache.catalina.session.StandardSessionFacade@84bbe1c]
01:37:28.989 [http-nio-0.0.0.0-8080-exec-3] DEBUG o.s.s.w.a.UsernamePasswordAuthenticationFilter - Set SecurityContextHolder to UsernamePasswordAuthenticationToken [Principal=org.springframework.security.core.userdetails.User [Username=pembeli1, Password=[PROTECTED], Enabled=true, AccountNonExpired=true, CredentialsNonExpired=true, AccountNonLocked=true, Granted Authorities=[ROLE_BUYER]], Credentials=[PROTECTED], Authenticated=true, Details=WebAuthenticationDetails [RemoteIpAddress=0:0:0:0:0:0:0:1, SessionId=E8D540471A93FC0B6139312DE88384C6], Granted Authorities=[ROLE_BUYER]]
01:37:28.989 [http-nio-0.0.0.0-8080-exec-3] DEBUG o.s.s.web.DefaultRedirectStrategy - Redirecting to /dashboard
01:37:28.989 [http-nio-0.0.0.0-8080-exec-4] DEBUG o.s.security.web.FilterChainProxy - Securing GET /dashboard
01:37:28.989 [http-nio-0.0.0.0-8080-exec-4] DEBUG o.s.s.w.c.HttpSessionSecurityContextRepository - Retrieved SecurityContextImpl [Authentication=UsernamePasswordAuthenticationToken [Principal=org.springframework.security.core.userdetails.User [Username=pembeli1, Password=[PROTECTED], Enabled=true, AccountNonExpired=true, CredentialsNonExpired=true, AccountNonLocked=true, Granted Authorities=[ROLE_BUYER]], Credentials=[PROTECTED], Authenticated=true, Details=WebAuthenticationDetails [RemoteIpAddress=0:0:0:0:0:0:0:1, SessionId=E8D540471A93FC0B6139312DE88384C6], Granted Authorities=[ROLE_BUYER]]]
01:37:28.989 [http-nio-0.0.0.0-8080-exec-4] DEBUG o.s.security.web.FilterChainProxy - Secured GET /dashboard
01:37:28.997 [http-nio-0.0.0.0-8080-exec-4] DEBUG o.s.web.servlet.DispatcherServlet - GET "/dashboard", parameters={}
01:37:28.998 [http-nio-0.0.0.0-8080-exec-4] DEBUG o.s.w.s.m.m.a.RequestMappingHandlerMapping - Mapped to com.penjualanrumah.controller.DashboardController#dashboard(Authentication)
01:37:28.998 [http-nio-0.0.0.0-8080-exec-4] DEBUG o.s.web.servlet.view.RedirectView - View name 'redirect:', model {}
01:37:28.998 [http-nio-0.0.0.0-8080-exec-4] DEBUG o.s.web.servlet.DispatcherServlet - Completed 302 FOUND
01:37:29.005 [http-nio-0.0.0.0-8080-exec-5] DEBUG o.s.security.web.FilterChainProxy - Securing GET /buyer/dashboard
01:37:29.005 [http-nio-0.0.0.0-8080-exec-5] DEBUG o.s.s.w.c.HttpSessionSecurityContextRepository - Retrieved SecurityContextImpl [Authentication=UsernamePasswordAuthenticationToken [Principal=org.springframework.security.core.userdetails.User [Username=pembeli1, Password=[PROTECTED], Enabled=true, AccountNonExpired=true, CredentialsNonExpired=true, AccountNonLocked=true, Granted Authorities=[ROLE_BUYER]], Credentials=[PROTECTED], Authenticated=true, Details=WebAuthenticationDetails [RemoteIpAddress=0:0:0:0:0:0:0:1, SessionId=E8D540471A93FC0B6139312DE88384C6], Granted Authorities=[ROLE_BUYER]]]
01:37:29.005 [http-nio-0.0.0.0-8080-exec-5] DEBUG o.s.security.web.FilterChainProxy - Secured GET /buyer/dashboard
01:37:29.005 [http-nio-0.0.0.0-8080-exec-5] DEBUG o.s.web.servlet.DispatcherServlet - GET "/buyer/dashboard", parameters={}
01:37:29.005 [http-nio-0.0.0.0-8080-exec-5] DEBUG o.s.w.s.m.m.a.RequestMappingHandlerMapping - Mapped to com.penjualanrumah.controller.DashboardController#buyerDashboard(Authentication, Model)
01:37:29.010 [http-nio-0.0.0.0-8080-exec-5] DEBUG org.hibernate.SQL - 
    select
        u1_0.id,
        u1_0.address,
        u1_0.email,
        u1_0.full_name,
        u1_0.password,
        u1_0.phone,
        u1_0.role,
        u1_0.username 
    from
        users u1_0 
    where
        u1_0.username=?
01:37:29.046 [http-nio-0.0.0.0-8080-exec-5] DEBUG org.hibernate.SQL - 
    select
        o1_0.id,
        o1_0.customer_id,
        o1_0.down_payment,
        o1_0.house_type,
        o1_0.installment_period,
        o1_0.order_date,
        o1_0.payment_type,
        o1_0.region,
        o1_0.status,
        o1_0.total 
    from
        orders o1_0 
    where
        o1_0.customer_id=?
01:37:29.089 [http-nio-0.0.0.0-8080-exec-5] DEBUG o.s.w.s.v.ContentNegotiatingViewResolver - Selected 'text/html' given [text/html, application/xhtml+xml, image/avif, image/webp, image/apng, application/xml;q=0.9, */*;q=0.8, application/signed-exchange;v=b3;q=0.7]
01:37:29.124 [http-nio-0.0.0.0-8080-exec-5] DEBUG o.s.web.servlet.DispatcherServlet - Completed 200 OK
01:37:32.900 [http-nio-0.0.0.0-8080-exec-6] DEBUG o.s.security.web.FilterChainProxy - Securing GET /profile
01:37:32.900 [http-nio-0.0.0.0-8080-exec-6] DEBUG o.s.s.w.c.HttpSessionSecurityContextRepository - Retrieved SecurityContextImpl [Authentication=UsernamePasswordAuthenticationToken [Principal=org.springframework.security.core.userdetails.User [Username=pembeli1, Password=[PROTECTED], Enabled=true, AccountNonExpired=true, CredentialsNonExpired=true, AccountNonLocked=true, Granted Authorities=[ROLE_BUYER]], Credentials=[PROTECTED], Authenticated=true, Details=WebAuthenticationDetails [RemoteIpAddress=0:0:0:0:0:0:0:1, SessionId=E8D540471A93FC0B6139312DE88384C6], Granted Authorities=[ROLE_BUYER]]]
01:37:32.900 [http-nio-0.0.0.0-8080-exec-6] DEBUG o.s.security.web.FilterChainProxy - Secured GET /profile
01:37:32.900 [http-nio-0.0.0.0-8080-exec-6] DEBUG o.s.web.servlet.DispatcherServlet - GET "/profile", parameters={}
01:37:32.900 [http-nio-0.0.0.0-8080-exec-6] DEBUG o.s.w.s.m.m.a.RequestMappingHandlerMapping - Mapped to com.penjualanrumah.controller.UserController#userProfile(UserDetails, Model, int)
01:37:32.910 [http-nio-0.0.0.0-8080-exec-6] DEBUG org.hibernate.SQL - 
    select
        u1_0.id,
        u1_0.address,
        u1_0.email,
        u1_0.full_name,
        u1_0.password,
        u1_0.phone,
        u1_0.role,
        u1_0.username 
    from
        users u1_0 
    where
        u1_0.username=?
01:37:32.999 [http-nio-0.0.0.0-8080-exec-6] DEBUG org.hibernate.SQL - 
    select
        o1_0.id,
        o1_0.customer_id,
        o1_0.down_payment,
        o1_0.house_type,
        o1_0.installment_period,
        o1_0.order_date,
        o1_0.payment_type,
        o1_0.region,
        o1_0.status,
        o1_0.total 
    from
        orders o1_0
01:37:33.034 [http-nio-0.0.0.0-8080-exec-6] DEBUG org.hibernate.SQL - 
    select
        u1_0.id,
        u1_0.address,
        u1_0.email,
        u1_0.full_name,
        u1_0.password,
        u1_0.phone,
        u1_0.role,
        u1_0.username 
    from
        users u1_0 
    where
        u1_0.id=?
01:37:33.070 [http-nio-0.0.0.0-8080-exec-6] DEBUG org.hibernate.SQL - 
    select
        u1_0.id,
        u1_0.address,
        u1_0.email,
        u1_0.full_name,
        u1_0.password,
        u1_0.phone,
        u1_0.role,
        u1_0.username 
    from
        users u1_0 
    where
        u1_0.id=?
01:37:33.131 [http-nio-0.0.0.0-8080-exec-6] DEBUG o.s.w.s.v.ContentNegotiatingViewResolver - Selected 'text/html' given [text/html, application/xhtml+xml, image/avif, image/webp, image/apng, application/xml;q=0.9, */*;q=0.8, application/signed-exchange;v=b3;q=0.7]
01:37:33.221 [http-nio-0.0.0.0-8080-exec-6] DEBUG o.s.web.servlet.DispatcherServlet - Completed 200 OK
01:37:36.944 [http-nio-0.0.0.0-8080-exec-7] DEBUG o.s.security.web.FilterChainProxy - Securing GET /buyer/dashboard
01:37:36.944 [http-nio-0.0.0.0-8080-exec-7] DEBUG o.s.s.w.c.HttpSessionSecurityContextRepository - Retrieved SecurityContextImpl [Authentication=UsernamePasswordAuthenticationToken [Principal=org.springframework.security.core.userdetails.User [Username=pembeli1, Password=[PROTECTED], Enabled=true, AccountNonExpired=true, CredentialsNonExpired=true, AccountNonLocked=true, Granted Authorities=[ROLE_BUYER]], Credentials=[PROTECTED], Authenticated=true, Details=WebAuthenticationDetails [RemoteIpAddress=0:0:0:0:0:0:0:1, SessionId=E8D540471A93FC0B6139312DE88384C6], Granted Authorities=[ROLE_BUYER]]]
01:37:36.944 [http-nio-0.0.0.0-8080-exec-7] DEBUG o.s.security.web.FilterChainProxy - Secured GET /buyer/dashboard
01:37:36.944 [http-nio-0.0.0.0-8080-exec-7] DEBUG o.s.web.servlet.DispatcherServlet - GET "/buyer/dashboard", parameters={}
01:37:36.944 [http-nio-0.0.0.0-8080-exec-7] DEBUG o.s.w.s.m.m.a.RequestMappingHandlerMapping - Mapped to com.penjualanrumah.controller.DashboardController#buyerDashboard(Authentication, Model)
01:37:36.952 [http-nio-0.0.0.0-8080-exec-7] DEBUG org.hibernate.SQL - 
    select
        u1_0.id,
        u1_0.address,
        u1_0.email,
        u1_0.full_name,
        u1_0.password,
        u1_0.phone,
        u1_0.role,
        u1_0.username 
    from
        users u1_0 
    where
        u1_0.username=?
01:37:37.019 [http-nio-0.0.0.0-8080-exec-7] DEBUG org.hibernate.SQL - 
    select
        o1_0.id,
        o1_0.customer_id,
        o1_0.down_payment,
        o1_0.house_type,
        o1_0.installment_period,
        o1_0.order_date,
        o1_0.payment_type,
        o1_0.region,
        o1_0.status,
        o1_0.total 
    from
        orders o1_0 
    where
        o1_0.customer_id=?
01:37:37.055 [http-nio-0.0.0.0-8080-exec-7] DEBUG o.s.w.s.v.ContentNegotiatingViewResolver - Selected 'text/html' given [text/html, application/xhtml+xml, image/avif, image/webp, image/apng, application/xml;q=0.9, */*;q=0.8, application/signed-exchange;v=b3;q=0.7]
01:37:37.074 [http-nio-0.0.0.0-8080-exec-7] DEBUG o.s.web.servlet.DispatcherServlet - Completed 200 OK
01:37:38.259 [HikariPool-1 housekeeper] DEBUG com.zaxxer.hikari.pool.HikariPool - HikariPool-1 - Pool stats (total=10, active=0, idle=10, waiting=0)
01:37:38.260 [HikariPool-1 housekeeper] DEBUG com.zaxxer.hikari.pool.HikariPool - HikariPool-1 - Fill pool skipped, pool has sufficient level or currently being filled (queueDepth=0).
01:37:40.663 [http-nio-0.0.0.0-8080-exec-8] DEBUG o.s.security.web.FilterChainProxy - Securing GET /profile
01:37:40.665 [http-nio-0.0.0.0-8080-exec-8] DEBUG o.s.s.w.c.HttpSessionSecurityContextRepository - Retrieved SecurityContextImpl [Authentication=UsernamePasswordAuthenticationToken [Principal=org.springframework.security.core.userdetails.User [Username=pembeli1, Password=[PROTECTED], Enabled=true, AccountNonExpired=true, CredentialsNonExpired=true, AccountNonLocked=true, Granted Authorities=[ROLE_BUYER]], Credentials=[PROTECTED], Authenticated=true, Details=WebAuthenticationDetails [RemoteIpAddress=0:0:0:0:0:0:0:1, SessionId=E8D540471A93FC0B6139312DE88384C6], Granted Authorities=[ROLE_BUYER]]]
01:37:40.665 [http-nio-0.0.0.0-8080-exec-8] DEBUG o.s.security.web.FilterChainProxy - Secured GET /profile
01:37:40.665 [http-nio-0.0.0.0-8080-exec-8] DEBUG o.s.web.servlet.DispatcherServlet - GET "/profile", parameters={}
01:37:40.665 [http-nio-0.0.0.0-8080-exec-8] DEBUG o.s.w.s.m.m.a.RequestMappingHandlerMapping - Mapped to com.penjualanrumah.controller.UserController#userProfile(UserDetails, Model, int)
01:37:40.665 [http-nio-0.0.0.0-8080-exec-8] DEBUG org.hibernate.SQL - 
    select
        u1_0.id,
        u1_0.address,
        u1_0.email,
        u1_0.full_name,
        u1_0.password,
        u1_0.phone,
        u1_0.role,
        u1_0.username 
    from
        users u1_0 
    where
        u1_0.username=?
01:37:40.730 [http-nio-0.0.0.0-8080-exec-8] DEBUG org.hibernate.SQL - 
    select
        o1_0.id,
        o1_0.customer_id,
        o1_0.down_payment,
        o1_0.house_type,
        o1_0.installment_period,
        o1_0.order_date,
        o1_0.payment_type,
        o1_0.region,
        o1_0.status,
        o1_0.total 
    from
        orders o1_0
01:37:40.764 [http-nio-0.0.0.0-8080-exec-8] DEBUG org.hibernate.SQL - 
    select
        u1_0.id,
        u1_0.address,
        u1_0.email,
        u1_0.full_name,
        u1_0.password,
        u1_0.phone,
        u1_0.role,
        u1_0.username 
    from
        users u1_0 
    where
        u1_0.id=?
01:37:40.804 [http-nio-0.0.0.0-8080-exec-8] DEBUG org.hibernate.SQL - 
    select
        u1_0.id,
        u1_0.address,
        u1_0.email,
        u1_0.full_name,
        u1_0.password,
        u1_0.phone,
        u1_0.role,
        u1_0.username 
    from
        users u1_0 
    where
        u1_0.id=?
01:37:40.880 [http-nio-0.0.0.0-8080-exec-8] DEBUG o.s.w.s.v.ContentNegotiatingViewResolver - Selected 'text/html' given [text/html, application/xhtml+xml, image/avif, image/webp, image/apng, application/xml;q=0.9, */*;q=0.8, application/signed-exchange;v=b3;q=0.7]
01:37:40.896 [http-nio-0.0.0.0-8080-exec-8] DEBUG o.s.web.servlet.DispatcherServlet - Completed 200 OK
01:38:08.008 [SpringApplicationShutdownHook] INFO  o.a.coyote.http11.Http11NioProtocol - Stopping ProtocolHandler ["http-nio-0.0.0.0-8080"]
01:38:08.012 [SpringApplicationShutdownHook] INFO  o.s.o.j.LocalContainerEntityManagerFactoryBean - Closing JPA EntityManagerFactory for persistence unit 'default'
01:38:08.037 [SpringApplicationShutdownHook] INFO  com.zaxxer.hikari.HikariDataSource - HikariPool-1 - Shutdown initiated...
01:38:08.039 [SpringApplicationShutdownHook] DEBUG com.zaxxer.hikari.pool.HikariPool - HikariPool-1 - Before shutdown stats (total=10, active=0, idle=10, waiting=0)
01:38:08.040 [HikariPool-1 connection closer] DEBUG com.zaxxer.hikari.pool.PoolBase - HikariPool-1 - Closing connection org.postgresql.jdbc.PgConnection@779228dc: (connection evicted)
01:38:08.075 [HikariPool-1 connection closer] DEBUG com.zaxxer.hikari.pool.PoolBase - HikariPool-1 - Closing connection org.postgresql.jdbc.PgConnection@18dd226f: (connection evicted)
01:38:08.123 [HikariPool-1 connection closer] DEBUG com.zaxxer.hikari.pool.PoolBase - HikariPool-1 - Closing connection org.postgresql.jdbc.PgConnection@161adf04: (connection evicted)
01:38:08.149 [HikariPool-1 connection closer] DEBUG com.zaxxer.hikari.pool.PoolBase - HikariPool-1 - Closing connection org.postgresql.jdbc.PgConnection@1225491f: (connection evicted)
01:38:08.174 [HikariPool-1 connection closer] DEBUG com.zaxxer.hikari.pool.PoolBase - HikariPool-1 - Closing connection org.postgresql.jdbc.PgConnection@5727d53f: (connection evicted)
01:38:08.208 [HikariPool-1 connection closer] DEBUG com.zaxxer.hikari.pool.PoolBase - HikariPool-1 - Closing connection org.postgresql.jdbc.PgConnection@5e6f92af: (connection evicted)
01:38:08.232 [HikariPool-1 connection closer] DEBUG com.zaxxer.hikari.pool.PoolBase - HikariPool-1 - Closing connection org.postgresql.jdbc.PgConnection@37082a70: (connection evicted)
01:38:08.266 [HikariPool-1 connection closer] DEBUG com.zaxxer.hikari.pool.PoolBase - HikariPool-1 - Closing connection org.postgresql.jdbc.PgConnection@532bc054: (connection evicted)
01:38:08.288 [HikariPool-1 connection closer] DEBUG com.zaxxer.hikari.pool.PoolBase - HikariPool-1 - Closing connection org.postgresql.jdbc.PgConnection@67338415: (connection evicted)
01:38:08.321 [HikariPool-1 connection closer] DEBUG com.zaxxer.hikari.pool.PoolBase - HikariPool-1 - Closing connection org.postgresql.jdbc.PgConnection@456b98b6: (connection evicted)
01:38:08.353 [SpringApplicationShutdownHook] DEBUG com.zaxxer.hikari.pool.HikariPool - HikariPool-1 - After shutdown stats (total=0, active=0, idle=0, waiting=0)
01:38:08.355 [SpringApplicationShutdownHook] INFO  com.zaxxer.hikari.HikariDataSource - HikariPool-1 - Shutdown completed.
